1568097030707	geckodriver	INFO	geckodriver 0.21.0
1568097030732	geckodriver	INFO	Listening on 127.0.0.1:56451
1568097031858	mozrunner::runner	INFO	Running command: "/Applications/Firefox.app/Contents/MacOS/firefox-bin" "-marionette" "-foreground" "-no-remote" "-profile" "/var/folders/hr/qhcp95jx6wl8t1lwp9mylhrw0000gn/T/rust_mozprofile.1ZCCkASjzdp0"
1568097040420	addons.webextension.screenshots@mozilla.org	WARN	Loading extension 'screenshots@mozilla.org': Reading manifest: Invalid extension permission: mozillaAddons
1568097040430	addons.webextension.screenshots@mozilla.org	WARN	Loading extension 'screenshots@mozilla.org': Reading manifest: Invalid extension permission: telemetry
1568097040430	addons.webextension.screenshots@mozilla.org	WARN	Loading extension 'screenshots@mozilla.org': Reading manifest: Invalid extension permission: resource://pdf.js/
1568097040430	addons.webextension.screenshots@mozilla.org	WARN	Loading extension 'screenshots@mozilla.org': Reading manifest: Invalid extension permission: about:reader*
1568097040894	Marionette	TRACE	Received observer notification profile-after-change
1568097042163	Marionette	TRACE	Received observer notification command-line-startup
1568097042163	Marionette	TRACE	Received observer notification nsPref:changed
1568097042163	Marionette	DEBUG	Init aborted (running=false, enabled=true, finalUIStartup=false)
1568097044500	Marionette	TRACE	Received observer notification toplevel-window-ready
1568097068631	Marionette	TRACE	Received observer notification marionette-startup-requested
1568097068643	Marionette	TRACE	Waiting until startup recorder finished recording startup scripts...
1568097068767	Marionette	TRACE	All scripts recorded.
1568097068768	Marionette	DEBUG	Setting recommended pref app.update.disabledForTesting to true
1568097068768	Marionette	DEBUG	Setting recommended pref apz.content_response_timeout to 60000
1568097068768	Marionette	DEBUG	Setting recommended pref browser.contentblocking.introCount to 99
1568097068769	Marionette	DEBUG	Setting recommended pref browser.download.panel.shown to true
1568097068769	Marionette	DEBUG	Setting recommended pref browser.newtabpage.enabled to false
1568097068770	Marionette	DEBUG	Setting recommended pref browser.pagethumbnails.capturing_disabled to true
1568097068771	Marionette	DEBUG	Setting recommended pref browser.search.update to false
1568097068772	Marionette	DEBUG	Setting recommended pref browser.tabs.disableBackgroundZombification to false
1568097068772	Marionette	DEBUG	Setting recommended pref browser.tabs.remote.separatePrivilegedContentProcess to false
1568097068772	Marionette	DEBUG	Setting recommended pref browser.tabs.unloadOnLowMemory to false
1568097068773	Marionette	DEBUG	Setting recommended pref browser.tabs.warnOnCloseOtherTabs to false
1568097068773	Marionette	DEBUG	Setting recommended pref browser.tabs.warnOnOpen to false
1568097068773	Marionette	DEBUG	Setting recommended pref browser.usedOnWindows10.introURL to 
1568097068773	Marionette	DEBUG	Setting recommended pref browser.urlbar.suggest.searches to false
1568097068774	Marionette	DEBUG	Setting recommended pref datareporting.policy.dataSubmissionPolicyAccepted to false
1568097068774	Marionette	DEBUG	Setting recommended pref dom.disable_beforeunload to true
1568097068774	Marionette	DEBUG	Setting recommended pref dom.disable_open_during_load to false
1568097068775	Marionette	DEBUG	Setting recommended pref dom.file.createInChild to true
1568097068776	Marionette	DEBUG	Setting recommended pref dom.max_chrome_script_run_time to 0
1568097068776	Marionette	DEBUG	Setting recommended pref dom.max_script_run_time to 0
1568097068778	Marionette	DEBUG	Setting recommended pref dom.push.connection.enabled to false
1568097068778	Marionette	DEBUG	Setting recommended pref extensions.getAddons.cache.enabled to false
1568097068778	Marionette	DEBUG	Setting recommended pref extensions.webservice.discoverURL to http://%(server)s/dummy/discoveryURL
1568097068779	Marionette	DEBUG	Setting recommended pref network.http.prompt-temp-redirect to false
1568097068779	Marionette	DEBUG	Setting recommended pref network.http.speculative-parallel-limit to 0
1568097068779	Marionette	DEBUG	Setting recommended pref privacy.trackingprotection.enabled to false
1568097068779	Marionette	DEBUG	Setting recommended pref security.certerrors.mitm.priming.enabled to false
1568097068779	Marionette	DEBUG	Setting recommended pref security.fileuri.strict_origin_policy to false
1568097068780	Marionette	DEBUG	Setting recommended pref security.notification_enable_delay to 0
1568097068780	Marionette	DEBUG	Setting recommended pref signon.autofillForms to false
1568097068781	Marionette	DEBUG	Setting recommended pref signon.rememberSignons to false
1568097068782	Marionette	DEBUG	Setting recommended pref toolkit.cosmeticAnimations.enabled to false
1568097068908	Marionette	INFO	Listening on port 56466
1568097068908	Marionette	DEBUG	Remote service is active
1568097069021	Marionette	DEBUG	Accepted connection 0 from 127.0.0.1:57025
1568097069218	Marionette	DEBUG	0 -> [0,1,"WebDriver:NewSession",{"acceptInsecureCerts":true,"browserName":"firefox","capabilities":{"desiredCapabilities":{"acceptInsecureCerts":true,"browserName":"firefox"}}}]
1568097069219	Marionette	WARN	TLS certificate errors will be ignored for this session
1568097069259	Marionette	TRACE	[4294967297] Frame script loaded
1568097069311	Marionette	TRACE	[4294967297] Frame script registered
1568097069537	Marionette	DEBUG	0 <- [1,1,null,{"sessionId":"f26603f1-7c9c-d743-b502-8685d417152e","capabilities":{"browserName":"firefox","browserVersion":"69.0" ... alse,"moz:webdriverClick":true,"capabilities":{"desiredCapabilities":{"acceptInsecureCerts":true,"browserName":"firefox"}}}}]
1568097069940	Marionette	DEBUG	0 -> [0,2,"WebDriver:Navigate",{"url":"http://www.python.org"}]
1568097069969	Marionette	TRACE	[4294967297] Received DOM event beforeunload for about:blank
1568097074153	Marionette	TRACE	[4294967297] Received DOM event pagehide for about:blank
1568097079163	Marionette	TRACE	[4294967297] Received DOM event DOMContentLoaded for https://www.python.org/
1568097083604	Marionette	TRACE	[4294967297] Received DOM event pageshow for https://www.python.org/
1568097083665	Marionette	DEBUG	0 <- [1,2,null,{"value":null}]
1568097083672	Marionette	DEBUG	0 -> [0,3,"WebDriver:GetTitle",{}]
1568097083673	Marionette	DEBUG	0 <- [1,3,null,{"value":"Welcome to Python.org"}]
1568097083786	Marionette	DEBUG	0 -> [0,4,"WebDriver:FindElement",{"using":"css selector","value":"[name=\"q\"]"}]
1568097083835	Marionette	DEBUG	0 <- [1,4,null,{"value":{"element-6066-11e4-a52e-4f735466cecf":"3a70b551-0c3a-4641-93ed-7d4f2ff754b3"}}]
1568097083865	Marionette	DEBUG	0 -> [0,5,"WebDriver:ElementClear",{"id":"3a70b551-0c3a-4641-93ed-7d4f2ff754b3"}]
1568097083916	Marionette	DEBUG	0 <- [1,5,null,{"value":null}]
1568097083922	Marionette	DEBUG	0 -> [0,6,"WebDriver:ElementSendKeys",{"id":"3a70b551-0c3a-4641-93ed-7d4f2ff754b3","text":"pycon","value":["p","y","c","o","n"]}]
1568097084290	Marionette	DEBUG	0 <- [1,6,null,{"value":null}]
1568097084335	Marionette	DEBUG	0 -> [0,7,"WebDriver:ElementSendKeys",{"id":"3a70b551-0c3a-4641-93ed-7d4f2ff754b3","text":"","value":[""]}]
1568097085098	Marionette	DEBUG	0 <- [1,7,null,{"value":null}]
1568097085449	Marionette	DEBUG	0 -> [0,8,"WebDriver:GetPageSource",{}]
1568097085574	Marionette	DEBUG	0 <- [1,8,null,{"value":"<html class=\"js no-touch geolocation fontface generatedcontent svg formvalidation placeholder boxsizing  ... in.c3860be1d290.js\" charset=\"utf-8\"></script>\n    \n    \n    <![endif]-->\n\n    \n\n    \n    \n\n\n\n</body></html>"}]
1568097085603	Marionette	DEBUG	0 -> [0,9,"WebDriver:CloseWindow",{}]
1568097085604	Marionette	DEBUG	0 <- [1,9,null,[]]
1568097085605	Marionette	DEBUG	0 -> [0,10,"Marionette:Quit",{"flags":["eForceQuit"]}]
1568097085606	Marionette	INFO	Stopped listening on port 56466
1568097085930	Marionette	TRACE	Received observer notification quit-application
1568097085952	Marionette	DEBUG	0 <- [1,10,null,{"cause":"shutdown"}]
1568097086442	Marionette	DEBUG	Closed connection 0
1568097090170	Marionette	TRACE	Received observer notification xpcom-will-shutdown
1568097090170	Marionette	DEBUG	Resetting recommended pref app.update.disabledForTesting
1568097090170	Marionette	DEBUG	Resetting recommended pref apz.content_response_timeout
1568097090171	Marionette	DEBUG	Resetting recommended pref browser.contentblocking.introCount
1568097090171	Marionette	DEBUG	Resetting recommended pref browser.download.panel.shown
1568097090171	Marionette	DEBUG	Resetting recommended pref browser.newtabpage.enabled
1568097090171	Marionette	DEBUG	Resetting recommended pref browser.pagethumbnails.capturing_disabled
1568097090171	Marionette	DEBUG	Resetting recommended pref browser.search.update
1568097090171	Marionette	DEBUG	Resetting recommended pref browser.tabs.disableBackgroundZombification
1568097090172	Marionette	DEBUG	Resetting recommended pref browser.tabs.remote.separatePrivilegedContentProcess
1568097090172	Marionette	DEBUG	Resetting recommended pref browser.tabs.unloadOnLowMemory
1568097090172	Marionette	DEBUG	Resetting recommended pref browser.tabs.warnOnCloseOtherTabs
1568097090172	Marionette	DEBUG	Resetting recommended pref browser.tabs.warnOnOpen
1568097090172	Marionette	DEBUG	Resetting recommended pref browser.usedOnWindows10.introURL
1568097090172	Marionette	DEBUG	Resetting recommended pref browser.urlbar.suggest.searches
1568097090172	Marionette	DEBUG	Resetting recommended pref datareporting.policy.dataSubmissionPolicyAccepted
1568097090173	Marionette	DEBUG	Resetting recommended pref dom.disable_beforeunload
1568097090173	Marionette	DEBUG	Resetting recommended pref dom.disable_open_during_load
1568097090173	Marionette	DEBUG	Resetting recommended pref dom.file.createInChild
1568097090173	Marionette	DEBUG	Resetting recommended pref dom.max_chrome_script_run_time
1568097090173	Marionette	DEBUG	Resetting recommended pref dom.max_script_run_time
1568097090173	Marionette	DEBUG	Resetting recommended pref dom.push.connection.enabled
1568097090173	Marionette	DEBUG	Resetting recommended pref extensions.getAddons.cache.enabled
1568097090173	Marionette	DEBUG	Resetting recommended pref extensions.webservice.discoverURL
1568097090173	Marionette	DEBUG	Resetting recommended pref network.http.prompt-temp-redirect
1568097090173	Marionette	DEBUG	Resetting recommended pref network.http.speculative-parallel-limit
1568097090174	Marionette	DEBUG	Resetting recommended pref privacy.trackingprotection.enabled
1568097090174	Marionette	DEBUG	Resetting recommended pref security.certerrors.mitm.priming.enabled
1568097090174	Marionette	DEBUG	Resetting recommended pref security.fileuri.strict_origin_policy
1568097090174	Marionette	DEBUG	Resetting recommended pref security.notification_enable_delay
1568097090174	Marionette	DEBUG	Resetting recommended pref signon.autofillForms
1568097090174	Marionette	DEBUG	Resetting recommended pref signon.rememberSignons
1568097090174	Marionette	DEBUG	Resetting recommended pref toolkit.cosmeticAnimations.enabled
1568097090174	Marionette	DEBUG	Remote service is inactive
1568098040628	geckodriver	INFO	geckodriver 0.21.0
1568098040676	geckodriver	INFO	Listening on 127.0.0.1:61481
1568098041636	mozrunner::runner	INFO	Running command: "/Applications/Firefox.app/Contents/MacOS/firefox-bin" "-marionette" "-foreground" "-no-remote" "-profile" "/var/folders/hr/qhcp95jx6wl8t1lwp9mylhrw0000gn/T/rust_mozprofile.Sv2S6aKU0B9F"
1568098054284	addons.webextension.screenshots@mozilla.org	WARN	Loading extension 'screenshots@mozilla.org': Reading manifest: Invalid extension permission: mozillaAddons
1568098054316	addons.webextension.screenshots@mozilla.org	WARN	Loading extension 'screenshots@mozilla.org': Reading manifest: Invalid extension permission: telemetry
1568098054317	addons.webextension.screenshots@mozilla.org	WARN	Loading extension 'screenshots@mozilla.org': Reading manifest: Invalid extension permission: resource://pdf.js/
1568098054317	addons.webextension.screenshots@mozilla.org	WARN	Loading extension 'screenshots@mozilla.org': Reading manifest: Invalid extension permission: about:reader*
1568098054863	Marionette	TRACE	Received observer notification profile-after-change
1568098056203	Marionette	TRACE	Received observer notification command-line-startup
1568098056204	Marionette	TRACE	Received observer notification nsPref:changed
1568098056204	Marionette	DEBUG	Init aborted (running=false, enabled=true, finalUIStartup=false)
1568098058576	Marionette	TRACE	Received observer notification toplevel-window-ready
1568098085150	Marionette	TRACE	Received observer notification marionette-startup-requested
1568098085183	Marionette	TRACE	Waiting until startup recorder finished recording startup scripts...
1568098085603	Marionette	TRACE	All scripts recorded.
1568098085603	Marionette	DEBUG	Setting recommended pref app.update.disabledForTesting to true
1568098085604	Marionette	DEBUG	Setting recommended pref apz.content_response_timeout to 60000
1568098085605	Marionette	DEBUG	Setting recommended pref browser.contentblocking.introCount to 99
1568098085606	Marionette	DEBUG	Setting recommended pref browser.download.panel.shown to true
1568098085606	Marionette	DEBUG	Setting recommended pref browser.newtabpage.enabled to false
1568098085608	Marionette	DEBUG	Setting recommended pref browser.pagethumbnails.capturing_disabled to true
1568098085609	Marionette	DEBUG	Setting recommended pref browser.search.update to false
1568098085610	Marionette	DEBUG	Setting recommended pref browser.tabs.disableBackgroundZombification to false
1568098085612	Marionette	DEBUG	Setting recommended pref browser.tabs.remote.separatePrivilegedContentProcess to false
1568098085612	Marionette	DEBUG	Setting recommended pref browser.tabs.unloadOnLowMemory to false
1568098085612	Marionette	DEBUG	Setting recommended pref browser.tabs.warnOnCloseOtherTabs to false
1568098085612	Marionette	DEBUG	Setting recommended pref browser.tabs.warnOnOpen to false
1568098085613	Marionette	DEBUG	Setting recommended pref browser.usedOnWindows10.introURL to 
1568098085613	Marionette	DEBUG	Setting recommended pref browser.urlbar.suggest.searches to false
1568098085615	Marionette	DEBUG	Setting recommended pref datareporting.policy.dataSubmissionPolicyAccepted to false
1568098085615	Marionette	DEBUG	Setting recommended pref dom.disable_beforeunload to true
1568098085615	Marionette	DEBUG	Setting recommended pref dom.disable_open_during_load to false
1568098085615	Marionette	DEBUG	Setting recommended pref dom.file.createInChild to true
1568098085616	Marionette	DEBUG	Setting recommended pref dom.max_chrome_script_run_time to 0
1568098085616	Marionette	DEBUG	Setting recommended pref dom.max_script_run_time to 0
1568098085618	Marionette	DEBUG	Setting recommended pref dom.push.connection.enabled to false
1568098085618	Marionette	DEBUG	Setting recommended pref extensions.getAddons.cache.enabled to false
1568098085618	Marionette	DEBUG	Setting recommended pref extensions.webservice.discoverURL to http://%(server)s/dummy/discoveryURL
1568098085618	Marionette	DEBUG	Setting recommended pref network.http.prompt-temp-redirect to false
1568098085618	Marionette	DEBUG	Setting recommended pref network.http.speculative-parallel-limit to 0
1568098085619	Marionette	DEBUG	Setting recommended pref privacy.trackingprotection.enabled to false
1568098085619	Marionette	DEBUG	Setting recommended pref security.certerrors.mitm.priming.enabled to false
1568098085619	Marionette	DEBUG	Setting recommended pref security.fileuri.strict_origin_policy to false
1568098085619	Marionette	DEBUG	Setting recommended pref security.notification_enable_delay to 0
1568098085620	Marionette	DEBUG	Setting recommended pref signon.autofillForms to false
1568098085620	Marionette	DEBUG	Setting recommended pref signon.rememberSignons to false
1568098085620	Marionette	DEBUG	Setting recommended pref toolkit.cosmeticAnimations.enabled to false
1568098086011	Marionette	INFO	Listening on port 61496
1568098086011	Marionette	DEBUG	Remote service is active
1568098086121	Marionette	DEBUG	Accepted connection 0 from 127.0.0.1:62156
1568098086372	Marionette	DEBUG	0 -> [0,1,"WebDriver:NewSession",{"acceptInsecureCerts":true,"browserName":"firefox","capabilities":{"desiredCapabilities":{"acceptInsecureCerts":true,"browserName":"firefox"}}}]
1568098086373	Marionette	WARN	TLS certificate errors will be ignored for this session
1568098086457	Marionette	TRACE	[4294967297] Frame script loaded
1568098086530	Marionette	TRACE	[4294967297] Frame script registered
1568098086841	Marionette	DEBUG	0 <- [1,1,null,{"sessionId":"1d0a62bb-9433-0642-83a5-b68a2ce05b45","capabilities":{"browserName":"firefox","browserVersion":"69.0" ... alse,"moz:webdriverClick":true,"capabilities":{"desiredCapabilities":{"acceptInsecureCerts":true,"browserName":"firefox"}}}}]
1568098087488	Marionette	DEBUG	0 -> [0,2,"WebDriver:Navigate",{"url":"http://www.python.org"}]
1568098087528	Marionette	TRACE	[4294967297] Received DOM event beforeunload for about:blank
1568098090580	Marionette	TRACE	[4294967297] Received DOM event pagehide for about:blank
1568098094880	Marionette	TRACE	[4294967297] Received DOM event DOMContentLoaded for https://www.python.org/
1568098097823	Marionette	TRACE	[4294967297] Received DOM event pageshow for https://www.python.org/
1568098097825	Marionette	DEBUG	0 <- [1,2,null,{"value":null}]
1568098097831	Marionette	DEBUG	0 -> [0,3,"WebDriver:GetTitle",{}]
1568098097832	Marionette	DEBUG	0 <- [1,3,null,{"value":"Welcome to Python.org"}]
1568098097960	Marionette	DEBUG	0 -> [0,4,"WebDriver:FindElement",{"using":"css selector","value":"q"}]
1568098097982	Marionette	DEBUG	0 <- [1,4,{"error":"no such element","message":"Unable to locate element: q","stacktrace":"WebDriverError@chrome://marionette/cont ... entError@chrome://marionette/content/error.js:387:5\nelement.find/</<@chrome://marionette/content/element.js:343:16\n"},null]
1568098098079	Marionette	DEBUG	0 -> [0,5,"WebDriver:CloseWindow",{}]
1568098098080	Marionette	DEBUG	0 <- [1,5,null,[]]
1568098098105	Marionette	DEBUG	0 -> [0,6,"Marionette:Quit",{"flags":["eForceQuit"]}]
1568098098106	Marionette	INFO	Stopped listening on port 61496
1568098098846	Marionette	TRACE	Received observer notification quit-application
1568098098893	Marionette	DEBUG	0 <- [1,6,null,{"cause":"shutdown"}]
1568098099962	Marionette	DEBUG	Closed connection 0
1568098103167	Marionette	TRACE	Received observer notification xpcom-will-shutdown
1568098103167	Marionette	DEBUG	Resetting recommended pref app.update.disabledForTesting
1568098103168	Marionette	DEBUG	Resetting recommended pref apz.content_response_timeout
1568098103168	Marionette	DEBUG	Resetting recommended pref browser.contentblocking.introCount
1568098103168	Marionette	DEBUG	Resetting recommended pref browser.download.panel.shown
1568098103168	Marionette	DEBUG	Resetting recommended pref browser.newtabpage.enabled
1568098103169	Marionette	DEBUG	Resetting recommended pref browser.pagethumbnails.capturing_disabled
1568098103169	Marionette	DEBUG	Resetting recommended pref browser.search.update
1568098103169	Marionette	DEBUG	Resetting recommended pref browser.tabs.disableBackgroundZombification
1568098103169	Marionette	DEBUG	Resetting recommended pref browser.tabs.remote.separatePrivilegedContentProcess
1568098103170	Marionette	DEBUG	Resetting recommended pref browser.tabs.unloadOnLowMemory
1568098103170	Marionette	DEBUG	Resetting recommended pref browser.tabs.warnOnCloseOtherTabs
1568098103170	Marionette	DEBUG	Resetting recommended pref browser.tabs.warnOnOpen
1568098103170	Marionette	DEBUG	Resetting recommended pref browser.usedOnWindows10.introURL
1568098103170	Marionette	DEBUG	Resetting recommended pref browser.urlbar.suggest.searches
1568098103171	Marionette	DEBUG	Resetting recommended pref datareporting.policy.dataSubmissionPolicyAccepted
1568098103172	Marionette	DEBUG	Resetting recommended pref dom.disable_beforeunload
1568098103172	Marionette	DEBUG	Resetting recommended pref dom.disable_open_during_load
1568098103172	Marionette	DEBUG	Resetting recommended pref dom.file.createInChild
1568098103172	Marionette	DEBUG	Resetting recommended pref dom.max_chrome_script_run_time
1568098103172	Marionette	DEBUG	Resetting recommended pref dom.max_script_run_time
1568098103173	Marionette	DEBUG	Resetting recommended pref dom.push.connection.enabled
1568098103173	Marionette	DEBUG	Resetting recommended pref extensions.getAddons.cache.enabled
1568098103173	Marionette	DEBUG	Resetting recommended pref extensions.webservice.discoverURL
1568098103506	Marionette	DEBUG	Resetting recommended pref network.http.prompt-temp-redirect
1568098103506	Marionette	DEBUG	Resetting recommended pref network.http.speculative-parallel-limit
1568098103506	Marionette	DEBUG	Resetting recommended pref privacy.trackingprotection.enabled
1568098103506	Marionette	DEBUG	Resetting recommended pref security.certerrors.mitm.priming.enabled
1568098103506	Marionette	DEBUG	Resetting recommended pref security.fileuri.strict_origin_policy
1568098103506	Marionette	DEBUG	Resetting recommended pref security.notification_enable_delay
1568098103506	Marionette	DEBUG	Resetting recommended pref signon.autofillForms
1568098103506	Marionette	DEBUG	Resetting recommended pref signon.rememberSignons
1568098103506	Marionette	DEBUG	Resetting recommended pref toolkit.cosmeticAnimations.enabled
1568098103507	Marionette	DEBUG	Remote service is inactive
1568098196530	geckodriver	INFO	geckodriver 0.21.0
1568098196538	geckodriver	INFO	Listening on 127.0.0.1:62727
1568098197575	mozrunner::runner	INFO	Running command: "/Applications/Firefox.app/Contents/MacOS/firefox-bin" "-marionette" "-foreground" "-no-remote" "-profile" "/var/folders/hr/qhcp95jx6wl8t1lwp9mylhrw0000gn/T/rust_mozprofile.c06uDK1GfAC9"
1568098203441	addons.webextension.screenshots@mozilla.org	WARN	Loading extension 'screenshots@mozilla.org': Reading manifest: Invalid extension permission: mozillaAddons
1568098203441	addons.webextension.screenshots@mozilla.org	WARN	Loading extension 'screenshots@mozilla.org': Reading manifest: Invalid extension permission: telemetry
1568098203442	addons.webextension.screenshots@mozilla.org	WARN	Loading extension 'screenshots@mozilla.org': Reading manifest: Invalid extension permission: resource://pdf.js/
1568098203442	addons.webextension.screenshots@mozilla.org	WARN	Loading extension 'screenshots@mozilla.org': Reading manifest: Invalid extension permission: about:reader*
1568098203648	Marionette	TRACE	Received observer notification profile-after-change
1568098203939	Marionette	TRACE	Received observer notification command-line-startup
1568098203939	Marionette	TRACE	Received observer notification nsPref:changed
1568098203940	Marionette	DEBUG	Init aborted (running=false, enabled=true, finalUIStartup=false)
1568098204585	Marionette	TRACE	Received observer notification toplevel-window-ready
1568098208804	Marionette	TRACE	Received observer notification marionette-startup-requested
1568098208804	Marionette	TRACE	Waiting until startup recorder finished recording startup scripts...
1568098208824	Marionette	TRACE	All scripts recorded.
1568098208824	Marionette	DEBUG	Setting recommended pref app.update.disabledForTesting to true
1568098208825	Marionette	DEBUG	Setting recommended pref apz.content_response_timeout to 60000
1568098208825	Marionette	DEBUG	Setting recommended pref browser.contentblocking.introCount to 99
1568098208825	Marionette	DEBUG	Setting recommended pref browser.download.panel.shown to true
1568098208826	Marionette	DEBUG	Setting recommended pref browser.newtabpage.enabled to false
1568098208827	Marionette	DEBUG	Setting recommended pref browser.pagethumbnails.capturing_disabled to true
1568098208828	Marionette	DEBUG	Setting recommended pref browser.search.update to false
1568098208829	Marionette	DEBUG	Setting recommended pref browser.tabs.disableBackgroundZombification to false
1568098208829	Marionette	DEBUG	Setting recommended pref browser.tabs.remote.separatePrivilegedContentProcess to false
1568098208830	Marionette	DEBUG	Setting recommended pref browser.tabs.unloadOnLowMemory to false
1568098208830	Marionette	DEBUG	Setting recommended pref browser.tabs.warnOnCloseOtherTabs to false
1568098208830	Marionette	DEBUG	Setting recommended pref browser.tabs.warnOnOpen to false
1568098208831	Marionette	DEBUG	Setting recommended pref browser.usedOnWindows10.introURL to 
1568098208831	Marionette	DEBUG	Setting recommended pref browser.urlbar.suggest.searches to false
1568098208833	Marionette	DEBUG	Setting recommended pref datareporting.policy.dataSubmissionPolicyAccepted to false
1568098208833	Marionette	DEBUG	Setting recommended pref dom.disable_beforeunload to true
1568098208833	Marionette	DEBUG	Setting recommended pref dom.disable_open_during_load to false
1568098208834	Marionette	DEBUG	Setting recommended pref dom.file.createInChild to true
1568098208834	Marionette	DEBUG	Setting recommended pref dom.max_chrome_script_run_time to 0
1568098208834	Marionette	DEBUG	Setting recommended pref dom.max_script_run_time to 0
1568098208835	Marionette	DEBUG	Setting recommended pref dom.push.connection.enabled to false
1568098208835	Marionette	DEBUG	Setting recommended pref extensions.getAddons.cache.enabled to false
1568098208835	Marionette	DEBUG	Setting recommended pref extensions.webservice.discoverURL to http://%(server)s/dummy/discoveryURL
1568098208836	Marionette	DEBUG	Setting recommended pref network.http.prompt-temp-redirect to false
1568098208836	Marionette	DEBUG	Setting recommended pref network.http.speculative-parallel-limit to 0
1568098208836	Marionette	DEBUG	Setting recommended pref privacy.trackingprotection.enabled to false
1568098208836	Marionette	DEBUG	Setting recommended pref security.certerrors.mitm.priming.enabled to false
1568098208836	Marionette	DEBUG	Setting recommended pref security.fileuri.strict_origin_policy to false
1568098208836	Marionette	DEBUG	Setting recommended pref security.notification_enable_delay to 0
1568098208837	Marionette	DEBUG	Setting recommended pref signon.autofillForms to false
1568098208837	Marionette	DEBUG	Setting recommended pref signon.rememberSignons to false
1568098208837	Marionette	DEBUG	Setting recommended pref toolkit.cosmeticAnimations.enabled to false
1568098208965	Marionette	INFO	Listening on port 62742
1568098208966	Marionette	DEBUG	Remote service is active
1568098209021	Marionette	DEBUG	Accepted connection 0 from 127.0.0.1:62915
1568098209028	Marionette	DEBUG	0 -> [0,1,"WebDriver:NewSession",{"acceptInsecureCerts":true,"browserName":"firefox","capabilities":{"desiredCapabilities":{"acceptInsecureCerts":true,"browserName":"firefox"}}}]
1568098209029	Marionette	WARN	TLS certificate errors will be ignored for this session
1568098209070	Marionette	TRACE	[4294967297] Frame script loaded
1568098209072	Marionette	TRACE	[4294967297] Frame script registered
1568098209079	Marionette	DEBUG	0 <- [1,1,null,{"sessionId":"6d0855c3-18f6-c14d-86ce-0fa5c27c2751","capabilities":{"browserName":"firefox","browserVersion":"69.0" ... alse,"moz:webdriverClick":true,"capabilities":{"desiredCapabilities":{"acceptInsecureCerts":true,"browserName":"firefox"}}}}]
1568098209116	Marionette	DEBUG	0 -> [0,2,"WebDriver:Navigate",{"url":"http://www.python.org"}]
1568098209132	Marionette	TRACE	[4294967297] Received DOM event beforeunload for about:blank
1568098211538	Marionette	TRACE	[4294967297] Received DOM event pagehide for about:blank
1568098214498	Marionette	TRACE	[4294967297] Received DOM event DOMContentLoaded for https://www.python.org/
1568098216013	Marionette	TRACE	[4294967297] Received DOM event pageshow for https://www.python.org/
1568098216020	Marionette	DEBUG	0 <- [1,2,null,{"value":null}]
1568098216050	Marionette	DEBUG	0 -> [0,3,"WebDriver:GetTitle",{}]
1568098216051	Marionette	DEBUG	0 <- [1,3,null,{"value":"Welcome to Python.org"}]
1568098216057	Marionette	DEBUG	0 -> [0,4,"WebDriver:FindElement",{"using":"css selector","value":".search-field"}]
1568098216066	Marionette	DEBUG	0 <- [1,4,null,{"value":{"element-6066-11e4-a52e-4f735466cecf":"4d912e6e-c86b-654b-a1a3-5d37357f399e"}}]
1568098216074	Marionette	DEBUG	0 -> [0,5,"WebDriver:ElementSendKeys",{"id":"4d912e6e-c86b-654b-a1a3-5d37357f399e","text":"pycon","value":["p","y","c","o","n"]}]
1568098216159	Marionette	DEBUG	0 <- [1,5,null,{"value":null}]
1568098216173	Marionette	DEBUG	0 -> [0,6,"WebDriver:ElementSendKeys",{"id":"4d912e6e-c86b-654b-a1a3-5d37357f399e","text":"","value":[""]}]
1568098216306	Marionette	DEBUG	0 <- [1,6,null,{"value":null}]
1568098216316	Marionette	DEBUG	0 -> [0,7,"WebDriver:GetPageSource",{}]
1568098216331	Marionette	DEBUG	0 <- [1,7,null,{"value":"<html class=\"js no-touch geolocation fontface generatedcontent svg formvalidation placeholder boxsizing  ... in.c3860be1d290.js\" charset=\"utf-8\"></script>\n    \n    \n    <![endif]-->\n\n    \n\n    \n    \n\n\n\n</body></html>"}]
1568098216342	Marionette	DEBUG	0 -> [0,8,"WebDriver:CloseWindow",{}]
1568098216343	Marionette	DEBUG	0 <- [1,8,null,[]]
1568098216345	Marionette	DEBUG	0 -> [0,9,"Marionette:Quit",{"flags":["eForceQuit"]}]
1568098216345	Marionette	INFO	Stopped listening on port 62742
1568098216472	Marionette	TRACE	Received observer notification quit-application
1568098216480	Marionette	DEBUG	0 <- [1,9,null,{"cause":"shutdown"}]
1568098216777	Marionette	DEBUG	Closed connection 0
1568098219993	Marionette	TRACE	Received observer notification xpcom-will-shutdown
1568098219993	Marionette	DEBUG	Resetting recommended pref app.update.disabledForTesting
1568098219993	Marionette	DEBUG	Resetting recommended pref apz.content_response_timeout
1568098219994	Marionette	DEBUG	Resetting recommended pref browser.contentblocking.introCount
1568098219994	Marionette	DEBUG	Resetting recommended pref browser.download.panel.shown
1568098219994	Marionette	DEBUG	Resetting recommended pref browser.newtabpage.enabled
1568098219994	Marionette	DEBUG	Resetting recommended pref browser.pagethumbnails.capturing_disabled
1568098219994	Marionette	DEBUG	Resetting recommended pref browser.search.update
1568098219995	Marionette	DEBUG	Resetting recommended pref browser.tabs.disableBackgroundZombification
1568098219995	Marionette	DEBUG	Resetting recommended pref browser.tabs.remote.separatePrivilegedContentProcess
1568098219995	Marionette	DEBUG	Resetting recommended pref browser.tabs.unloadOnLowMemory
1568098219995	Marionette	DEBUG	Resetting recommended pref browser.tabs.warnOnCloseOtherTabs
1568098219995	Marionette	DEBUG	Resetting recommended pref browser.tabs.warnOnOpen
1568098219995	Marionette	DEBUG	Resetting recommended pref browser.usedOnWindows10.introURL
1568098219995	Marionette	DEBUG	Resetting recommended pref browser.urlbar.suggest.searches
1568098219996	Marionette	DEBUG	Resetting recommended pref datareporting.policy.dataSubmissionPolicyAccepted
1568098219996	Marionette	DEBUG	Resetting recommended pref dom.disable_beforeunload
1568098219996	Marionette	DEBUG	Resetting recommended pref dom.disable_open_during_load
1568098219996	Marionette	DEBUG	Resetting recommended pref dom.file.createInChild
1568098219996	Marionette	DEBUG	Resetting recommended pref dom.max_chrome_script_run_time
1568098219996	Marionette	DEBUG	Resetting recommended pref dom.max_script_run_time
1568098219997	Marionette	DEBUG	Resetting recommended pref dom.push.connection.enabled
1568098219997	Marionette	DEBUG	Resetting recommended pref extensions.getAddons.cache.enabled
1568098219997	Marionette	DEBUG	Resetting recommended pref extensions.webservice.discoverURL
1568098219997	Marionette	DEBUG	Resetting recommended pref network.http.prompt-temp-redirect
1568098219997	Marionette	DEBUG	Resetting recommended pref network.http.speculative-parallel-limit
1568098219998	Marionette	DEBUG	Resetting recommended pref privacy.trackingprotection.enabled
1568098219998	Marionette	DEBUG	Resetting recommended pref security.certerrors.mitm.priming.enabled
1568098219998	Marionette	DEBUG	Resetting recommended pref security.fileuri.strict_origin_policy
1568098219998	Marionette	DEBUG	Resetting recommended pref security.notification_enable_delay
1568098219998	Marionette	DEBUG	Resetting recommended pref signon.autofillForms
1568098219998	Marionette	DEBUG	Resetting recommended pref signon.rememberSignons
1568098219998	Marionette	DEBUG	Resetting recommended pref toolkit.cosmeticAnimations.enabled
1568098219999	Marionette	DEBUG	Remote service is inactive
